<?xml version="1.0" encoding="utf-8"?><testsuites name="pytest tests"><testsuite name="pytest" errors="0" failures="0" skipped="0" tests="27" time="4.678" timestamp="2026-08-18T22:14:02.062983+00:00" hostname="agent-env-ab75d3de-06d6-4d17-9462-be24a82cef95"><testcase classname="tests.backend_test.TestMembers" name="test_create_bronze_forces_amount_50" time="0.713" /><testcase classname="tests.backend_test.TestAdmin" name="test_list_members_requires_auth" time="0.353" /><testcase classname="tests.backend_test.TestMembers" name="test_create_prata_forces_70" time="0.223" /><testcase classname="tests.backend_test.TestAdmin" name="test_list_members" time="0.491" /><testcase classname="tests.backend_test.TestAdmin" name="test_filter_by_level" time="0.177" /><testcase classname="tests.backend_test.TestMembers" name="test_create_ouro_forces_100" time="0.126" /><testcase classname="tests.backend_test.TestAdmin" name="test_filter_by_status" time="0.147" /><testcase classname="tests.backend_test.TestMembers" name="test_create_ouro_with_valid_amount" time="0.158" /><testcase classname="tests.backend_test.TestAdmin" name="test_confirm_and_reset_flow" time="0.621" /><testcase classname="tests.backend_test.TestMembers" name="test_create_outro_min_amount" time="0.137" /><testcase classname="tests.backend_test.TestMembers" name="test_outro_rejects_amount_below_10" time="0.128" /><testcase classname="tests.backend_test.TestMembers" name="test_whatsapp_must_be_11_digits" time="0.110" /><testcase classname="tests.backend_test.TestMembers" name="test_name_too_short" time="0.124" /><testcase classname="tests.backend_test.TestMembers" name="test_invalid_level" time="0.120" /><testcase classname="tests.backend_test.TestAdmin" name="test_confirm_requires_auth" time="0.143" /><testcase classname="tests.backend_test.TestMembers" name="test_get_missing_member" time="0.135" /><testcase classname="tests.backend_test.TestAdmin" name="test_confirm_missing_member" time="0.124" /><testcase classname="tests.backend_test.TestMembers" name="test_mark_paid_flow" time="0.386" /><testcase classname="tests.backend_test.TestAdmin" name="test_stats" time="0.124" /><testcase classname="tests.backend_test.TestAdmin" name="test_stats_requires_auth" time="0.130" /><testcase classname="tests.backend_test.TestConfig" name="test_get_config" time="0.113" /><testcase classname="tests.backend_test.TestMembers" name="test_mark_paid_missing" time="0.121" /><testcase classname="tests.backend_test.TestAuth" name="test_login_wrong_password" time="0.450" /><testcase classname="tests.backend_test.TestAuth" name="test_login_wrong_user" time="0.368" /><testcase classname="tests.backend_test.TestAuth" name="test_login_success_returns_jwt" time="0.338" /><testcase classname="tests.backend_test.TestAuth" name="test_me_requires_token" time="0.243" /><testcase classname="tests.backend_test.TestAuth" name="test_me_with_token" time="0.480" /></testsuite></testsuites>